11-Aug-2019 19:27:50.283 INFO [main] org.apache.catalina.startup.VersionLoggerListener.log Server version:        Apache Tomcat/8.5.43
11-Aug-2019 19:27:50.327 INFO [main] org.apache.catalina.startup.VersionLoggerListener.log Server built:          Jul 4 2019 20:53:15 UTC
11-Aug-2019 19:27:50.327 INFO [main] org.apache.catalina.startup.VersionLoggerListener.log Server number:         8.5.43.0
11-Aug-2019 19:27:50.327 INFO [main] org.apache.catalina.startup.VersionLoggerListener.log OS Name:               Windows 10
11-Aug-2019 19:27:50.327 INFO [main] org.apache.catalina.startup.VersionLoggerListener.log OS Version:            10.0
11-Aug-2019 19:27:50.327 INFO [main] org.apache.catalina.startup.VersionLoggerListener.log Architecture:          amd64
11-Aug-2019 19:27:50.328 INFO [main] org.apache.catalina.startup.VersionLoggerListener.log Java Home:             C:\Program Files\Java\jdk1.8.0_221\jre
11-Aug-2019 19:27:50.328 INFO [main] org.apache.catalina.startup.VersionLoggerListener.log JVM Version:           1.8.0_221-b11
11-Aug-2019 19:27:50.328 INFO [main] org.apache.catalina.startup.VersionLoggerListener.log JVM Vendor:            Oracle Corporation
11-Aug-2019 19:27:50.328 INFO [main] org.apache.catalina.startup.VersionLoggerListener.log CATALINA_BASE:         C:\tools\apache-tomcat-8.5.43
11-Aug-2019 19:27:50.328 INFO [main] org.apache.catalina.startup.VersionLoggerListener.log CATALINA_HOME:         C:\tools\apache-tomcat-8.5.43
11-Aug-2019 19:27:50.328 INFO [main] org.apache.catalina.startup.VersionLoggerListener.log Command line argument: -Djava.util.logging.config.file=C:\tools\apache-tomcat-8.5.43\conf\logging.properties
11-Aug-2019 19:27:50.329 INFO [main] org.apache.catalina.startup.VersionLoggerListener.log Command line argument: -Djava.util.logging.manager=org.apache.juli.ClassLoaderLogManager
11-Aug-2019 19:27:50.329 INFO [main] org.apache.catalina.startup.VersionLoggerListener.log Command line argument: -Djdk.tls.ephemeralDHKeySize=2048
11-Aug-2019 19:27:50.329 INFO [main] org.apache.catalina.startup.VersionLoggerListener.log Command line argument: -Djava.protocol.handler.pkgs=org.apache.catalina.webresources
11-Aug-2019 19:27:50.329 INFO [main] org.apache.catalina.startup.VersionLoggerListener.log Command line argument: -Dignore.endorsed.dirs=
11-Aug-2019 19:27:50.329 INFO [main] org.apache.catalina.startup.VersionLoggerListener.log Command line argument: -Dcatalina.base=C:\tools\apache-tomcat-8.5.43
11-Aug-2019 19:27:50.330 INFO [main] org.apache.catalina.startup.VersionLoggerListener.log Command line argument: -Dcatalina.home=C:\tools\apache-tomcat-8.5.43
11-Aug-2019 19:27:50.330 INFO [main] org.apache.catalina.startup.VersionLoggerListener.log Command line argument: -Djava.io.tmpdir=C:\tools\apache-tomcat-8.5.43\temp
11-Aug-2019 19:27:50.331 INFO [main] org.apache.catalina.core.AprLifecycleListener.lifecycleEvent Loaded APR based Apache Tomcat Native library [1.2.23] using APR version [1.7.0].
11-Aug-2019 19:27:50.331 INFO [main] org.apache.catalina.core.AprLifecycleListener.lifecycleEvent APR capabilities: IPv6 [true], sendfile [true], accept filters [false], random [true].
11-Aug-2019 19:27:50.332 INFO [main] org.apache.catalina.core.AprLifecycleListener.lifecycleEvent APR/OpenSSL configuration: useAprConnector [false], useOpenSSL [true]
11-Aug-2019 19:27:50.339 INFO [main] org.apache.catalina.core.AprLifecycleListener.initializeSSL OpenSSL successfully initialized [OpenSSL 1.1.1c  28 May 2019]
11-Aug-2019 19:27:50.635 INFO [main] org.apache.coyote.AbstractProtocol.init Initializing ProtocolHandler ["http-nio-8080"]
11-Aug-2019 19:27:50.878 INFO [main] org.apache.tomcat.util.net.NioSelectorPool.getSharedSelector Using a shared selector for servlet write/read
11-Aug-2019 19:27:50.887 INFO [main] org.apache.coyote.AbstractProtocol.init Initializing ProtocolHandler ["ajp-nio-8009"]
11-Aug-2019 19:27:50.889 INFO [main] org.apache.tomcat.util.net.NioSelectorPool.getSharedSelector Using a shared selector for servlet write/read
11-Aug-2019 19:27:50.890 INFO [main] org.apache.catalina.startup.Catalina.load Initialization processed in 919 ms
11-Aug-2019 19:27:50.923 INFO [main] org.apache.catalina.core.StandardService.startInternal Starting service [Catalina]
11-Aug-2019 19:27:50.923 INFO [main] org.apache.catalina.core.StandardEngine.startInternal Starting Servlet Engine: Apache Tomcat/8.5.43
11-Aug-2019 19:27:50.944 INFO [localhost-startStop-1] org.apache.catalina.startup.HostConfig.deployWAR Deploying web application archive [C:\tools\apache-tomcat-8.5.43\webapps\DemoProject.war]
11-Aug-2019 19:27:51.184 INFO [localhost-startStop-1] org.apache.catalina.startup.HostConfig.deployWAR Deployment of web application archive [C:\tools\apache-tomcat-8.5.43\webapps\DemoProject.war] has finished in [239] ms
11-Aug-2019 19:27:51.185 INFO [localhost-startStop-1] org.apache.catalina.startup.HostConfig.deployDirectory Deploying web application directory [C:\tools\apache-tomcat-8.5.43\webapps\docs]
11-Aug-2019 19:27:51.217 INFO [localhost-startStop-1] org.apache.catalina.startup.HostConfig.deployDirectory Deployment of web application directory [C:\tools\apache-tomcat-8.5.43\webapps\docs] has finished in [31] ms
11-Aug-2019 19:27:51.217 INFO [localhost-startStop-1] org.apache.catalina.startup.HostConfig.deployDirectory Deploying web application directory [C:\tools\apache-tomcat-8.5.43\webapps\examples]
11-Aug-2019 19:27:52.120 INFO [localhost-startStop-1] org.apache.catalina.startup.HostConfig.deployDirectory Deployment of web application directory [C:\tools\apache-tomcat-8.5.43\webapps\examples] has finished in [903] ms
11-Aug-2019 19:27:52.121 INFO [localhost-startStop-1] org.apache.catalina.startup.HostConfig.deployDirectory Deploying web application directory [C:\tools\apache-tomcat-8.5.43\webapps\host-manager]
11-Aug-2019 19:27:52.157 INFO [localhost-startStop-1] org.apache.catalina.startup.HostConfig.deployDirectory Deployment of web application directory [C:\tools\apache-tomcat-8.5.43\webapps\host-manager] has finished in [36] ms
11-Aug-2019 19:27:52.157 INFO [localhost-startStop-1] org.apache.catalina.startup.HostConfig.deployDirectory Deploying web application directory [C:\tools\apache-tomcat-8.5.43\webapps\manager]
11-Aug-2019 19:27:52.193 INFO [localhost-startStop-1] org.apache.catalina.startup.HostConfig.deployDirectory Deployment of web application directory [C:\tools\apache-tomcat-8.5.43\webapps\manager] has finished in [36] ms
11-Aug-2019 19:27:52.193 INFO [localhost-startStop-1] org.apache.catalina.startup.HostConfig.deployDirectory Deploying web application directory [C:\tools\apache-tomcat-8.5.43\webapps\ROOT]
11-Aug-2019 19:27:52.219 INFO [localhost-startStop-1] org.apache.catalina.startup.HostConfig.deployDirectory Deployment of web application directory [C:\tools\apache-tomcat-8.5.43\webapps\ROOT] has finished in [26] ms
11-Aug-2019 19:27:52.225 INFO [main] org.apache.coyote.AbstractProtocol.start Starting ProtocolHandler ["http-nio-8080"]
11-Aug-2019 19:27:52.232 INFO [main] org.apache.coyote.AbstractProtocol.start Starting ProtocolHandler ["ajp-nio-8009"]
11-Aug-2019 19:27:52.235 INFO [main] org.apache.catalina.startup.Catalina.start Server startup in 1344 ms
11-Aug-2019 19:33:48.301 INFO [Thread-5] org.apache.coyote.AbstractProtocol.pause Pausing ProtocolHandler ["http-nio-8080"]
11-Aug-2019 19:33:48.483 INFO [Thread-5] org.apache.coyote.AbstractProtocol.pause Pausing ProtocolHandler ["ajp-nio-8009"]
11-Aug-2019 19:33:48.654 INFO [Thread-5] org.apache.catalina.core.StandardService.stopInternal Stopping service [Catalina]
11-Aug-2019 19:33:48.699 INFO [Thread-5] org.apache.coyote.AbstractProtocol.stop Stopping ProtocolHandler ["http-nio-8080"]
11-Aug-2019 19:33:48.705 INFO [Thread-5] org.apache.coyote.AbstractProtocol.stop Stopping ProtocolHandler ["ajp-nio-8009"]
11-Aug-2019 19:33:48.707 INFO [Thread-5] org.apache.coyote.AbstractProtocol.destroy Destroying ProtocolHandler ["http-nio-8080"]
11-Aug-2019 19:33:48.708 INFO [Thread-5] org.apache.coyote.AbstractProtocol.destroy Destroying ProtocolHandler ["ajp-nio-8009"]
