24-Jul-2019 14:43:26.608 INFO [main] org.apache.catalina.startup.VersionLoggerListener.log Server version:        Apache Tomcat/8.5.43
24-Jul-2019 14:43:26.611 INFO [main] org.apache.catalina.startup.VersionLoggerListener.log Server built:          Jul 4 2019 20:53:15 UTC
24-Jul-2019 14:43:26.612 INFO [main] org.apache.catalina.startup.VersionLoggerListener.log Server number:         8.5.43.0
24-Jul-2019 14:43:26.613 INFO [main] org.apache.catalina.startup.VersionLoggerListener.log OS Name:               Windows 10
24-Jul-2019 14:43:26.613 INFO [main] org.apache.catalina.startup.VersionLoggerListener.log OS Version:            10.0
24-Jul-2019 14:43:26.613 INFO [main] org.apache.catalina.startup.VersionLoggerListener.log Architecture:          amd64
24-Jul-2019 14:43:26.613 INFO [main] org.apache.catalina.startup.VersionLoggerListener.log Java Home:             C:\Program Files\Java\jdk1.8.0_221\jre
24-Jul-2019 14:43:26.613 INFO [main] org.apache.catalina.startup.VersionLoggerListener.log JVM Version:           1.8.0_221-b11
24-Jul-2019 14:43:26.613 INFO [main] org.apache.catalina.startup.VersionLoggerListener.log JVM Vendor:            Oracle Corporation
24-Jul-2019 14:43:26.616 INFO [main] org.apache.catalina.startup.VersionLoggerListener.log CATALINA_BASE:         C:\tools\apache-tomcat-8.5.43
24-Jul-2019 14:43:26.616 INFO [main] org.apache.catalina.startup.VersionLoggerListener.log CATALINA_HOME:         C:\tools\apache-tomcat-8.5.43
24-Jul-2019 14:43:26.616 INFO [main] org.apache.catalina.startup.VersionLoggerListener.log Command line argument: -Djava.util.logging.config.file=C:\tools\apache-tomcat-8.5.43\conf\logging.properties
24-Jul-2019 14:43:26.616 INFO [main] org.apache.catalina.startup.VersionLoggerListener.log Command line argument: -Djava.util.logging.manager=org.apache.juli.ClassLoaderLogManager
24-Jul-2019 14:43:26.616 INFO [main] org.apache.catalina.startup.VersionLoggerListener.log Command line argument: -Djdk.tls.ephemeralDHKeySize=2048
24-Jul-2019 14:43:26.616 INFO [main] org.apache.catalina.startup.VersionLoggerListener.log Command line argument: -Djava.protocol.handler.pkgs=org.apache.catalina.webresources
24-Jul-2019 14:43:26.617 INFO [main] org.apache.catalina.startup.VersionLoggerListener.log Command line argument: -Dignore.endorsed.dirs=
24-Jul-2019 14:43:26.617 INFO [main] org.apache.catalina.startup.VersionLoggerListener.log Command line argument: -Dcatalina.base=C:\tools\apache-tomcat-8.5.43
24-Jul-2019 14:43:26.617 INFO [main] org.apache.catalina.startup.VersionLoggerListener.log Command line argument: -Dcatalina.home=C:\tools\apache-tomcat-8.5.43
24-Jul-2019 14:43:26.618 INFO [main] org.apache.catalina.startup.VersionLoggerListener.log Command line argument: -Djava.io.tmpdir=C:\tools\apache-tomcat-8.5.43\temp
24-Jul-2019 14:43:26.618 INFO [main] org.apache.catalina.core.AprLifecycleListener.lifecycleEvent Loaded APR based Apache Tomcat Native library [1.2.23] using APR version [1.7.0].
24-Jul-2019 14:43:26.618 INFO [main] org.apache.catalina.core.AprLifecycleListener.lifecycleEvent APR capabilities: IPv6 [true], sendfile [true], accept filters [false], random [true].
24-Jul-2019 14:43:26.618 INFO [main] org.apache.catalina.core.AprLifecycleListener.lifecycleEvent APR/OpenSSL configuration: useAprConnector [false], useOpenSSL [true]
24-Jul-2019 14:43:26.626 INFO [main] org.apache.catalina.core.AprLifecycleListener.initializeSSL OpenSSL successfully initialized [OpenSSL 1.1.1c  28 May 2019]
24-Jul-2019 14:43:27.026 INFO [main] org.apache.coyote.AbstractProtocol.init Initializing ProtocolHandler ["http-nio-8080"]
24-Jul-2019 14:43:27.263 INFO [main] org.apache.tomcat.util.net.NioSelectorPool.getSharedSelector Using a shared selector for servlet write/read
24-Jul-2019 14:43:27.273 INFO [main] org.apache.coyote.AbstractProtocol.init Initializing ProtocolHandler ["ajp-nio-8009"]
24-Jul-2019 14:43:27.273 INFO [main] org.apache.tomcat.util.net.NioSelectorPool.getSharedSelector Using a shared selector for servlet write/read
24-Jul-2019 14:43:27.273 INFO [main] org.apache.catalina.startup.Catalina.load Initialization processed in 938 ms
24-Jul-2019 14:43:27.305 INFO [main] org.apache.catalina.core.StandardService.startInternal Starting service [Catalina]
24-Jul-2019 14:43:27.305 INFO [main] org.apache.catalina.core.StandardEngine.startInternal Starting Servlet Engine: Apache Tomcat/8.5.43
24-Jul-2019 14:43:27.320 INFO [localhost-startStop-1] org.apache.catalina.startup.HostConfig.deployWAR Deploying web application archive [C:\tools\apache-tomcat-8.5.43\webapps\validate.war]
24-Jul-2019 14:43:29.882 INFO [localhost-startStop-1] org.apache.jasper.servlet.TldScanner.scanJars At least one JAR was scanned for TLDs yet contained no TLDs. Enable debug logging for this logger for a complete list of JARs that were scanned but no TLDs were found in them. Skipping unneeded JARs during scanning can improve startup time and JSP compilation time.
24-Jul-2019 14:43:30.167 INFO [localhost-startStop-1] org.apache.catalina.startup.HostConfig.deployWAR Deployment of web application archive [C:\tools\apache-tomcat-8.5.43\webapps\validate.war] has finished in [2,847] ms
24-Jul-2019 14:43:30.168 INFO [localhost-startStop-1] org.apache.catalina.startup.HostConfig.deployDirectory Deploying web application directory [C:\tools\apache-tomcat-8.5.43\webapps\docs]
24-Jul-2019 14:43:30.190 INFO [localhost-startStop-1] org.apache.catalina.startup.HostConfig.deployDirectory Deployment of web application directory [C:\tools\apache-tomcat-8.5.43\webapps\docs] has finished in [22] ms
24-Jul-2019 14:43:30.191 INFO [localhost-startStop-1] org.apache.catalina.startup.HostConfig.deployDirectory Deploying web application directory [C:\tools\apache-tomcat-8.5.43\webapps\examples]
24-Jul-2019 14:43:30.496 INFO [localhost-startStop-1] org.apache.catalina.startup.HostConfig.deployDirectory Deployment of web application directory [C:\tools\apache-tomcat-8.5.43\webapps\examples] has finished in [306] ms
24-Jul-2019 14:43:30.496 INFO [localhost-startStop-1] org.apache.catalina.startup.HostConfig.deployDirectory Deploying web application directory [C:\tools\apache-tomcat-8.5.43\webapps\host-manager]
24-Jul-2019 14:43:30.527 INFO [localhost-startStop-1] org.apache.catalina.startup.HostConfig.deployDirectory Deployment of web application directory [C:\tools\apache-tomcat-8.5.43\webapps\host-manager] has finished in [31] ms
24-Jul-2019 14:43:30.527 INFO [localhost-startStop-1] org.apache.catalina.startup.HostConfig.deployDirectory Deploying web application directory [C:\tools\apache-tomcat-8.5.43\webapps\manager]
24-Jul-2019 14:43:30.547 INFO [localhost-startStop-1] org.apache.catalina.startup.HostConfig.deployDirectory Deployment of web application directory [C:\tools\apache-tomcat-8.5.43\webapps\manager] has finished in [20] ms
24-Jul-2019 14:43:30.547 INFO [localhost-startStop-1] org.apache.catalina.startup.HostConfig.deployDirectory Deploying web application directory [C:\tools\apache-tomcat-8.5.43\webapps\ROOT]
24-Jul-2019 14:43:30.575 INFO [localhost-startStop-1] org.apache.catalina.startup.HostConfig.deployDirectory Deployment of web application directory [C:\tools\apache-tomcat-8.5.43\webapps\ROOT] has finished in [20] ms
24-Jul-2019 14:43:30.578 INFO [main] org.apache.coyote.AbstractProtocol.start Starting ProtocolHandler ["http-nio-8080"]
24-Jul-2019 14:43:30.588 INFO [main] org.apache.coyote.AbstractProtocol.start Starting ProtocolHandler ["ajp-nio-8009"]
24-Jul-2019 14:43:30.588 INFO [main] org.apache.catalina.startup.Catalina.start Server startup in 3326 ms
